2025-12-01 10:44:29,260 - INFO - Uploaded file received
2025-12-01 10:44:29,665 - INFO - Excel loaded successfully
2025-12-01 10:44:29,955 - INFO - All sheets read successfully
2025-12-01 10:44:30,504 - ERROR - Fatal crash: 
fileName='no_image_available.png' identity=[ImageReader@0x27bbe250830 filename='no_image_available.png'] Cannot open resource "no_image_available.png"
Traceback (most recent call last):
  File "C:\Users\91891\AppData\Local\Programs\Python\Python313\Lib\site-packages\reportlab\lib\utils.py", line 523, in open_for_read
    return open_for_read_by_name(name,mode)
  File "C:\Users\91891\AppData\Local\Programs\Python\Python313\Lib\site-packages\reportlab\lib\utils.py", line 463, in open_for_read_by_name
    return open(name,mode)
FileNotFoundError: [Errno 2] No such file or directory: 'no_image_available.png'

During handling of the above exception, another exception occurred:

Traceback (most recent call last):
  File "C:\Users\91891\AppData\Local\Programs\Python\Python313\Lib\site-packages\reportlab\lib\utils.py", line 530, in open_for_read
    return BytesIO((datareader if name[:5].lower()=='data:' else rlUrlRead)(name))
                   ~~~~~~~~~~~~~~~~~~~~~~~~~~~~~~~~~~~~~~~~~~~~~~~~~~~~~~~~^^^^^^
  File "C:\Users\91891\AppData\Local\Programs\Python\Python313\Lib\site-packages\reportlab\lib\utils.py", line 476, in rlUrlRead
    return urlopen(name).read()
           ~~~~~~~^^^^^^
  File "C:\Users\91891\AppData\Local\Programs\Python\Python313\Lib\urllib\request.py", line 189, in urlopen
    return opener.open(url, data, timeout)
           ~~~~~~~~~~~^^^^^^^^^^^^^^^^^^^^
  File "C:\Users\91891\AppData\Local\Programs\Python\Python313\Lib\urllib\request.py", line 473, in open
    req = Request(fullurl, data)
  File "C:\Users\91891\AppData\Local\Programs\Python\Python313\Lib\urllib\request.py", line 292, in __init__
    self.full_url = url
    ^^^^^^^^^^^^^
  File "C:\Users\91891\AppData\Local\Programs\Python\Python313\Lib\urllib\request.py", line 318, in full_url
    self._parse()
    ~~~~~~~~~~~^^
  File "C:\Users\91891\AppData\Local\Programs\Python\Python313\Lib\urllib\request.py", line 347, in _parse
    raise ValueError("unknown url type: %r" % self.full_url)
ValueError: unknown url type: 'no_image_available.png'

During handling of the above exception, another exception occurred:

Traceback (most recent call last):
  File "C:\Users\91891\AppData\Local\Programs\Python\Python313\Lib\site-packages\reportlab\lib\utils.py", line 643, in __init__
    fp = open_for_read(fileName,'b')
  File "C:\Users\91891\AppData\Local\Programs\Python\Python313\Lib\site-packages\reportlab\lib\utils.py", line 534, in open_for_read
    return open_for_read(name,mode)
  File "C:\Users\91891\AppData\Local\Programs\Python\Python313\Lib\site-packages\reportlab\lib\utils.py", line 532, in open_for_read
    raise IOError('Cannot open resource "%s"' % name)
OSError: Cannot open resource "no_image_available.png"

During handling of the above exception, another exception occurred:

Traceback (most recent call last):
  File "C:\Users\91891\Desktop\Projects\Seating Arrangement\streamlit.py", line 346, in <module>
    pdf.build(elements)
    ~~~~~~~~~^^^^^^^^^^
  File "C:\Users\91891\AppData\Local\Programs\Python\Python313\Lib\site-packages\reportlab\platypus\doctemplate.py", line 1322, in build
    BaseDocTemplate.build(self,flowables, canvasmaker=canvasmaker)
    ~~~~~~~~~~~~~~~~~~~~~^^^^^^^^^^^^^^^^^^^^^^^^^^^^^^^^^^^^^^^^^
  File "C:\Users\91891\AppData\Local\Programs\Python\Python313\Lib\site-packages\reportlab\platypus\doctemplate.py", line 1083, in build
    self.handle_flowable(flowables)
    ~~~~~~~~~~~~~~~~~~~~^^^^^^^^^^^
  File "C:\Users\91891\AppData\Local\Programs\Python\Python313\Lib\site-packages\reportlab\platypus\doctemplate.py", line 932, in handle_flowable
    if frame.add(f, canv, trySplit=self.allowSplitting):
       ~~~~~~~~~^^^^^^^^^^^^^^^^^^^^^^^^^^^^^^^^^^^^^^^
  File "C:\Users\91891\AppData\Local\Programs\Python\Python313\Lib\site-packages\reportlab\platypus\frames.py", line 158, in _add
    w, h = flowable.wrap(aW, h)
           ~~~~~~~~~~~~~^^^^^^^
  File "C:\Users\91891\AppData\Local\Programs\Python\Python313\Lib\site-packages\reportlab\platypus\tables.py", line 1354, in wrap
    self._calc(availWidth, availHeight)
    ~~~~~~~~~~^^^^^^^^^^^^^^^^^^^^^^^^^
  File "C:\Users\91891\AppData\Local\Programs\Python\Python313\Lib\site-packages\reportlab\platypus\tables.py", line 740, in _calc
    self._calc_height(availHeight,availWidth,W=W)
    ~~~~~~~~~~~~~~~~~^^^^^^^^^^^^^^^^^^^^^^^^^^^^
  File "C:\Users\91891\AppData\Local\Programs\Python\Python313\Lib\site-packages\reportlab\platypus\tables.py", line 664, in _calc_height
    dW,t = self._listCellGeom(v,w or self._listValueWidth(v),s)
           ~~~~~~~~~~~~~~~~~~^^^^^^^^^^^^^^^^^^^^^^^^^^^^^^^^^^
  File "C:\Users\91891\AppData\Local\Programs\Python\Python313\Lib\site-packages\reportlab\platypus\tables.py", line 500, in _listCellGeom
    vw, vh = v.wrapOn(canv, aW, aH)
             ~~~~~~~~^^^^^^^^^^^^^^
  File "C:\Users\91891\AppData\Local\Programs\Python\Python313\Lib\site-packages\reportlab\platypus\flowables.py", line 123, in wrapOn
    w, h = self.wrap(aW,aH)
           ~~~~~~~~~^^^^^^^
  File "C:\Users\91891\AppData\Local\Programs\Python\Python313\Lib\site-packages\reportlab\platypus\flowables.py", line 510, in wrap
    return self.drawWidth, self.drawHeight
           ^^^^^^^^^^^^^^
  File "C:\Users\91891\AppData\Local\Programs\Python\Python313\Lib\site-packages\reportlab\platypus\flowables.py", line 504, in __getattr__
    self._setup_inner()
    ~~~~~~~~~~~~~~~~~^^
  File "C:\Users\91891\AppData\Local\Programs\Python\Python313\Lib\site-packages\reportlab\platypus\flowables.py", line 461, in _setup_inner
    img = self._img
          ^^^^^^^^^
  File "C:\Users\91891\AppData\Local\Programs\Python\Python313\Lib\site-packages\reportlab\platypus\flowables.py", line 498, in __getattr__
    self._img = ImageReader(self._file)
                ~~~~~~~~~~~^^^^^^^^^^^^
  File "C:\Users\91891\AppData\Local\Programs\Python\Python313\Lib\site-packages\reportlab\lib\utils.py", line 655, in __init__
    annotateException('\nfileName=%r identity=%s'%(fileName,self.identity()))
    ~~~~~~~~~~~~~~~~~^^^^^^^^^^^^^^^^^^^^^^^^^^^^^^^^^^^^^^^^^^^^^^^^^^^^^^^^
  File "C:\Users\91891\AppData\Local\Programs\Python\Python313\Lib\site-packages\reportlab\lib\utils.py", line 1176, in annotateException
    rl_reraise(t,t(sep.join((_ for _ in (msg,str(v),postMsg) if _))),b)
    ~~~~~~~~~~^^^^^^^^^^^^^^^^^^^^^^^^^^^^^^^^^^^^^^^^^^^^^^^^^^^^^^^^^
  File "C:\Users\91891\AppData\Local\Programs\Python\Python313\Lib\site-packages\reportlab\lib\utils.py", line 138, in rl_reraise
    raise v.with_traceback(b)
  File "C:\Users\91891\AppData\Local\Programs\Python\Python313\Lib\site-packages\reportlab\lib\utils.py", line 643, in __init__
    fp = open_for_read(fileName,'b')
  File "C:\Users\91891\AppData\Local\Programs\Python\Python313\Lib\site-packages\reportlab\lib\utils.py", line 534, in open_for_read
    return open_for_read(name,mode)
  File "C:\Users\91891\AppData\Local\Programs\Python\Python313\Lib\site-packages\reportlab\lib\utils.py", line 532, in open_for_read
    raise IOError('Cannot open resource "%s"' % name)
OSError: 
fileName='no_image_available.png' identity=[ImageReader@0x27bbe250830 filename='no_image_available.png'] Cannot open resource "no_image_available.png"
2025-12-01 10:54:16,947 - ERROR - Error: 
fileName='no_image_available.png' identity=[ImageReader@0x27bbddcde50 filename='no_image_available.png'] Cannot open resource "no_image_available.png"
Traceback (most recent call last):
  File "C:\Users\91891\AppData\Local\Programs\Python\Python313\Lib\site-packages\reportlab\lib\utils.py", line 523, in open_for_read
    return open_for_read_by_name(name,mode)
  File "C:\Users\91891\AppData\Local\Programs\Python\Python313\Lib\site-packages\reportlab\lib\utils.py", line 463, in open_for_read_by_name
    return open(name,mode)
FileNotFoundError: [Errno 2] No such file or directory: 'no_image_available.png'

During handling of the above exception, another exception occurred:

Traceback (most recent call last):
  File "C:\Users\91891\AppData\Local\Programs\Python\Python313\Lib\site-packages\reportlab\lib\utils.py", line 530, in open_for_read
    return BytesIO((datareader if name[:5].lower()=='data:' else rlUrlRead)(name))
                   ~~~~~~~~~~~~~~~~~~~~~~~~~~~~~~~~~~~~~~~~~~~~~~~~~~~~~~~~^^^^^^
  File "C:\Users\91891\AppData\Local\Programs\Python\Python313\Lib\site-packages\reportlab\lib\utils.py", line 476, in rlUrlRead
    return urlopen(name).read()
           ~~~~~~~^^^^^^
  File "C:\Users\91891\AppData\Local\Programs\Python\Python313\Lib\urllib\request.py", line 189, in urlopen
    return opener.open(url, data, timeout)
           ~~~~~~~~~~~^^^^^^^^^^^^^^^^^^^^
  File "C:\Users\91891\AppData\Local\Programs\Python\Python313\Lib\urllib\request.py", line 473, in open
    req = Request(fullurl, data)
  File "C:\Users\91891\AppData\Local\Programs\Python\Python313\Lib\urllib\request.py", line 292, in __init__
    self.full_url = url
    ^^^^^^^^^^^^^
  File "C:\Users\91891\AppData\Local\Programs\Python\Python313\Lib\urllib\request.py", line 318, in full_url
    self._parse()
    ~~~~~~~~~~~^^
  File "C:\Users\91891\AppData\Local\Programs\Python\Python313\Lib\urllib\request.py", line 347, in _parse
    raise ValueError("unknown url type: %r" % self.full_url)
ValueError: unknown url type: 'no_image_available.png'

During handling of the above exception, another exception occurred:

Traceback (most recent call last):
  File "C:\Users\91891\AppData\Local\Programs\Python\Python313\Lib\site-packages\reportlab\lib\utils.py", line 643, in __init__
    fp = open_for_read(fileName,'b')
  File "C:\Users\91891\AppData\Local\Programs\Python\Python313\Lib\site-packages\reportlab\lib\utils.py", line 532, in open_for_read
    raise IOError('Cannot open resource "%s"' % name)
OSError: Cannot open resource "no_image_available.png"

During handling of the above exception, another exception occurred:

Traceback (most recent call last):
  File "C:\Users\91891\Desktop\Projects\Seating Arrangement\streamlit.py", line 351, in <module>
    build_attendance_pdf(
    ~~~~~~~~~~~~~~~~~~~~^
        pdf_buffer=pdf_buf,
        ^^^^^^^^^^^^^^^^^^^
    ...<6 lines>...
        roll_name_map=roll_name_map
        ^^^^^^^^^^^^^^^^^^^^^^^^^^^
    )
    ^
  File "C:\Users\91891\Desktop\Projects\Seating Arrangement\streamlit.py", line 286, in build_attendance_pdf
    pdf.build(elements)
    ~~~~~~~~~^^^^^^^^^^
  File "C:\Users\91891\AppData\Local\Programs\Python\Python313\Lib\site-packages\reportlab\platypus\doctemplate.py", line 1322, in build
    BaseDocTemplate.build(self,flowables, canvasmaker=canvasmaker)
    ~~~~~~~~~~~~~~~~~~~~~^^^^^^^^^^^^^^^^^^^^^^^^^^^^^^^^^^^^^^^^^
  File "C:\Users\91891\AppData\Local\Programs\Python\Python313\Lib\site-packages\reportlab\platypus\doctemplate.py", line 1083, in build
    self.handle_flowable(flowables)
    ~~~~~~~~~~~~~~~~~~~~^^^^^^^^^^^
  File "C:\Users\91891\AppData\Local\Programs\Python\Python313\Lib\site-packages\reportlab\platypus\doctemplate.py", line 932, in handle_flowable
    if frame.add(f, canv, trySplit=self.allowSplitting):
       ~~~~~~~~~^^^^^^^^^^^^^^^^^^^^^^^^^^^^^^^^^^^^^^^
  File "C:\Users\91891\AppData\Local\Programs\Python\Python313\Lib\site-packages\reportlab\platypus\frames.py", line 201, in _add
    flowable.drawOn(canv, self._x + self._leftExtraIndent, y, _sW=aW-w)
    ~~~~~~~~~~~~~~~^^^^^^^^^^^^^^^^^^^^^^^^^^^^^^^^^^^^^^^^^^^^^^^^^^^^
  File "C:\Users\91891\AppData\Local\Programs\Python\Python313\Lib\site-packages\reportlab\platypus\flowables.py", line 112, in drawOn
    self._drawOn(canvas)
    ~~~~~~~~~~~~^^^^^^^^
  File "C:\Users\91891\AppData\Local\Programs\Python\Python313\Lib\site-packages\reportlab\platypus\flowables.py", line 93, in _drawOn
    self.draw()#this is the bit you overload
    ~~~~~~~~~^^
  File "C:\Users\91891\AppData\Local\Programs\Python\Python313\Lib\site-packages\reportlab\platypus\tables.py", line 2355, in draw
    self._drawCell(cellval, cellstyle, (colpos, rowpos), (colwidth, rowheight))
    ~~~~~~~~~~~~~~^^^^^^^^^^^^^^^^^^^^^^^^^^^^^^^^^^^^^^^^^^^^^^^^^^^^^^^^^^^^^
  File "C:\Users\91891\AppData\Local\Programs\Python\Python313\Lib\site-packages\reportlab\platypus\tables.py", line 2568, in _drawCell
    v.drawOn(self.canv,x,y)
    ~~~~~~~~^^^^^^^^^^^^^^^
  File "C:\Users\91891\AppData\Local\Programs\Python\Python313\Lib\site-packages\reportlab\platypus\flowables.py", line 112, in drawOn
    self._drawOn(canvas)
    ~~~~~~~~~~~~^^^^^^^^
  File "C:\Users\91891\AppData\Local\Programs\Python\Python313\Lib\site-packages\reportlab\platypus\flowables.py", line 93, in _drawOn
    self.draw()#this is the bit you overload
    ~~~~~~~~~^^
  File "C:\Users\91891\AppData\Local\Programs\Python\Python313\Lib\site-packages\reportlab\platypus\tables.py", line 2355, in draw
    self._drawCell(cellval, cellstyle, (colpos, rowpos), (colwidth, rowheight))
    ~~~~~~~~~~~~~~^^^^^^^^^^^^^^^^^^^^^^^^^^^^^^^^^^^^^^^^^^^^^^^^^^^^^^^^^^^^^
  File "C:\Users\91891\AppData\Local\Programs\Python\Python313\Lib\site-packages\reportlab\platypus\tables.py", line 2551, in _drawCell
    w, h = self._listCellGeom(cellval,colwidth,cellstyle,W=W, H=H,aH=rowheight)
           ~~~~~~~~~~~~~~~~~~^^^^^^^^^^^^^^^^^^^^^^^^^^^^^^^^^^^^^^^^^^^^^^^^^^
  File "C:\Users\91891\AppData\Local\Programs\Python\Python313\Lib\site-packages\reportlab\platypus\tables.py", line 500, in _listCellGeom
    vw, vh = v.wrapOn(canv, aW, aH)
             ~~~~~~~~^^^^^^^^^^^^^^
  File "C:\Users\91891\AppData\Local\Programs\Python\Python313\Lib\site-packages\reportlab\platypus\flowables.py", line 123, in wrapOn
    w, h = self.wrap(aW,aH)
           ~~~~~~~~~^^^^^^^
  File "C:\Users\91891\AppData\Local\Programs\Python\Python313\Lib\site-packages\reportlab\platypus\flowables.py", line 510, in wrap
    return self.drawWidth, self.drawHeight
           ^^^^^^^^^^^^^^
  File "C:\Users\91891\AppData\Local\Programs\Python\Python313\Lib\site-packages\reportlab\platypus\flowables.py", line 504, in __getattr__
    self._setup_inner()
    ~~~~~~~~~~~~~~~~~^^
  File "C:\Users\91891\AppData\Local\Programs\Python\Python313\Lib\site-packages\reportlab\platypus\flowables.py", line 461, in _setup_inner
    img = self._img
          ^^^^^^^^^
  File "C:\Users\91891\AppData\Local\Programs\Python\Python313\Lib\site-packages\reportlab\platypus\flowables.py", line 498, in __getattr__
    self._img = ImageReader(self._file)
                ~~~~~~~~~~~^^^^^^^^^^^^
  File "C:\Users\91891\AppData\Local\Programs\Python\Python313\Lib\site-packages\reportlab\lib\utils.py", line 655, in __init__
    annotateException('\nfileName=%r identity=%s'%(fileName,self.identity()))
    ~~~~~~~~~~~~~~~~~^^^^^^^^^^^^^^^^^^^^^^^^^^^^^^^^^^^^^^^^^^^^^^^^^^^^^^^^
  File "C:\Users\91891\AppData\Local\Programs\Python\Python313\Lib\site-packages\reportlab\lib\utils.py", line 1176, in annotateException
    rl_reraise(t,t(sep.join((_ for _ in (msg,str(v),postMsg) if _))),b)
    ~~~~~~~~~~^^^^^^^^^^^^^^^^^^^^^^^^^^^^^^^^^^^^^^^^^^^^^^^^^^^^^^^^^
  File "C:\Users\91891\AppData\Local\Programs\Python\Python313\Lib\site-packages\reportlab\lib\utils.py", line 138, in rl_reraise
    raise v.with_traceback(b)
  File "C:\Users\91891\AppData\Local\Programs\Python\Python313\Lib\site-packages\reportlab\lib\utils.py", line 643, in __init__
    fp = open_for_read(fileName,'b')
  File "C:\Users\91891\AppData\Local\Programs\Python\Python313\Lib\site-packages\reportlab\lib\utils.py", line 532, in open_for_read
    raise IOError('Cannot open resource "%s"' % name)
OSError: 
fileName='no_image_available.png' identity=[ImageReader@0x27bbddcde50 filename='no_image_available.png'] Cannot open resource "no_image_available.png"
2025-12-01 10:55:10,006 - ERROR - Error: 
fileName='no_image_available.png' identity=[ImageReader@0x187f3a1be00 filename='no_image_available.png'] Cannot open resource "no_image_available.png"
Traceback (most recent call last):
  File "C:\Users\91891\AppData\Local\Programs\Python\Python313\Lib\site-packages\reportlab\lib\utils.py", line 523, in open_for_read
    return open_for_read_by_name(name,mode)
  File "C:\Users\91891\AppData\Local\Programs\Python\Python313\Lib\site-packages\reportlab\lib\utils.py", line 463, in open_for_read_by_name
    return open(name,mode)
FileNotFoundError: [Errno 2] No such file or directory: 'no_image_available.png'

During handling of the above exception, another exception occurred:

Traceback (most recent call last):
  File "C:\Users\91891\AppData\Local\Programs\Python\Python313\Lib\site-packages\reportlab\lib\utils.py", line 530, in open_for_read
    return BytesIO((datareader if name[:5].lower()=='data:' else rlUrlRead)(name))
                   ~~~~~~~~~~~~~~~~~~~~~~~~~~~~~~~~~~~~~~~~~~~~~~~~~~~~~~~~^^^^^^
  File "C:\Users\91891\AppData\Local\Programs\Python\Python313\Lib\site-packages\reportlab\lib\utils.py", line 476, in rlUrlRead
    return urlopen(name).read()
           ~~~~~~~^^^^^^
  File "C:\Users\91891\AppData\Local\Programs\Python\Python313\Lib\urllib\request.py", line 189, in urlopen
    return opener.open(url, data, timeout)
           ~~~~~~~~~~~^^^^^^^^^^^^^^^^^^^^
  File "C:\Users\91891\AppData\Local\Programs\Python\Python313\Lib\urllib\request.py", line 473, in open
    req = Request(fullurl, data)
  File "C:\Users\91891\AppData\Local\Programs\Python\Python313\Lib\urllib\request.py", line 292, in __init__
    self.full_url = url
    ^^^^^^^^^^^^^
  File "C:\Users\91891\AppData\Local\Programs\Python\Python313\Lib\urllib\request.py", line 318, in full_url
    self._parse()
    ~~~~~~~~~~~^^
  File "C:\Users\91891\AppData\Local\Programs\Python\Python313\Lib\urllib\request.py", line 347, in _parse
    raise ValueError("unknown url type: %r" % self.full_url)
ValueError: unknown url type: 'no_image_available.png'

During handling of the above exception, another exception occurred:

Traceback (most recent call last):
  File "C:\Users\91891\AppData\Local\Programs\Python\Python313\Lib\site-packages\reportlab\lib\utils.py", line 643, in __init__
    fp = open_for_read(fileName,'b')
  File "C:\Users\91891\AppData\Local\Programs\Python\Python313\Lib\site-packages\reportlab\lib\utils.py", line 534, in open_for_read
    return open_for_read(name,mode)
  File "C:\Users\91891\AppData\Local\Programs\Python\Python313\Lib\site-packages\reportlab\lib\utils.py", line 532, in open_for_read
    raise IOError('Cannot open resource "%s"' % name)
OSError: Cannot open resource "no_image_available.png"

During handling of the above exception, another exception occurred:

Traceback (most recent call last):
  File "C:\Users\91891\Desktop\Projects\Seating Arrangement\streamlit.py", line 351, in <module>
    build_attendance_pdf(
    ~~~~~~~~~~~~~~~~~~~~^
        pdf_buffer=pdf_buf,
        ^^^^^^^^^^^^^^^^^^^
    ...<6 lines>...
        roll_name_map=roll_name_map
        ^^^^^^^^^^^^^^^^^^^^^^^^^^^
    )
    ^
  File "C:\Users\91891\Desktop\Projects\Seating Arrangement\streamlit.py", line 286, in build_attendance_pdf
    pdf.build(elements)
    ~~~~~~~~~^^^^^^^^^^
  File "C:\Users\91891\AppData\Local\Programs\Python\Python313\Lib\site-packages\reportlab\platypus\doctemplate.py", line 1322, in build
    BaseDocTemplate.build(self,flowables, canvasmaker=canvasmaker)
    ~~~~~~~~~~~~~~~~~~~~~^^^^^^^^^^^^^^^^^^^^^^^^^^^^^^^^^^^^^^^^^
  File "C:\Users\91891\AppData\Local\Programs\Python\Python313\Lib\site-packages\reportlab\platypus\doctemplate.py", line 1083, in build
    self.handle_flowable(flowables)
    ~~~~~~~~~~~~~~~~~~~~^^^^^^^^^^^
  File "C:\Users\91891\AppData\Local\Programs\Python\Python313\Lib\site-packages\reportlab\platypus\doctemplate.py", line 932, in handle_flowable
    if frame.add(f, canv, trySplit=self.allowSplitting):
       ~~~~~~~~~^^^^^^^^^^^^^^^^^^^^^^^^^^^^^^^^^^^^^^^
  File "C:\Users\91891\AppData\Local\Programs\Python\Python313\Lib\site-packages\reportlab\platypus\frames.py", line 201, in _add
    flowable.drawOn(canv, self._x + self._leftExtraIndent, y, _sW=aW-w)
    ~~~~~~~~~~~~~~~^^^^^^^^^^^^^^^^^^^^^^^^^^^^^^^^^^^^^^^^^^^^^^^^^^^^
  File "C:\Users\91891\AppData\Local\Programs\Python\Python313\Lib\site-packages\reportlab\platypus\flowables.py", line 112, in drawOn
    self._drawOn(canvas)
    ~~~~~~~~~~~~^^^^^^^^
  File "C:\Users\91891\AppData\Local\Programs\Python\Python313\Lib\site-packages\reportlab\platypus\flowables.py", line 93, in _drawOn
    self.draw()#this is the bit you overload
    ~~~~~~~~~^^
  File "C:\Users\91891\AppData\Local\Programs\Python\Python313\Lib\site-packages\reportlab\platypus\tables.py", line 2355, in draw
    self._drawCell(cellval, cellstyle, (colpos, rowpos), (colwidth, rowheight))
    ~~~~~~~~~~~~~~^^^^^^^^^^^^^^^^^^^^^^^^^^^^^^^^^^^^^^^^^^^^^^^^^^^^^^^^^^^^^
  File "C:\Users\91891\AppData\Local\Programs\Python\Python313\Lib\site-packages\reportlab\platypus\tables.py", line 2568, in _drawCell
    v.drawOn(self.canv,x,y)
    ~~~~~~~~^^^^^^^^^^^^^^^
  File "C:\Users\91891\AppData\Local\Programs\Python\Python313\Lib\site-packages\reportlab\platypus\flowables.py", line 112, in drawOn
    self._drawOn(canvas)
    ~~~~~~~~~~~~^^^^^^^^
  File "C:\Users\91891\AppData\Local\Programs\Python\Python313\Lib\site-packages\reportlab\platypus\flowables.py", line 93, in _drawOn
    self.draw()#this is the bit you overload
    ~~~~~~~~~^^
  File "C:\Users\91891\AppData\Local\Programs\Python\Python313\Lib\site-packages\reportlab\platypus\tables.py", line 2355, in draw
    self._drawCell(cellval, cellstyle, (colpos, rowpos), (colwidth, rowheight))
    ~~~~~~~~~~~~~~^^^^^^^^^^^^^^^^^^^^^^^^^^^^^^^^^^^^^^^^^^^^^^^^^^^^^^^^^^^^^
  File "C:\Users\91891\AppData\Local\Programs\Python\Python313\Lib\site-packages\reportlab\platypus\tables.py", line 2551, in _drawCell
    w, h = self._listCellGeom(cellval,colwidth,cellstyle,W=W, H=H,aH=rowheight)
           ~~~~~~~~~~~~~~~~~~^^^^^^^^^^^^^^^^^^^^^^^^^^^^^^^^^^^^^^^^^^^^^^^^^^
  File "C:\Users\91891\AppData\Local\Programs\Python\Python313\Lib\site-packages\reportlab\platypus\tables.py", line 500, in _listCellGeom
    vw, vh = v.wrapOn(canv, aW, aH)
             ~~~~~~~~^^^^^^^^^^^^^^
  File "C:\Users\91891\AppData\Local\Programs\Python\Python313\Lib\site-packages\reportlab\platypus\flowables.py", line 123, in wrapOn
    w, h = self.wrap(aW,aH)
           ~~~~~~~~~^^^^^^^
  File "C:\Users\91891\AppData\Local\Programs\Python\Python313\Lib\site-packages\reportlab\platypus\flowables.py", line 510, in wrap
    return self.drawWidth, self.drawHeight
           ^^^^^^^^^^^^^^
  File "C:\Users\91891\AppData\Local\Programs\Python\Python313\Lib\site-packages\reportlab\platypus\flowables.py", line 504, in __getattr__
    self._setup_inner()
    ~~~~~~~~~~~~~~~~~^^
  File "C:\Users\91891\AppData\Local\Programs\Python\Python313\Lib\site-packages\reportlab\platypus\flowables.py", line 461, in _setup_inner
    img = self._img
          ^^^^^^^^^
  File "C:\Users\91891\AppData\Local\Programs\Python\Python313\Lib\site-packages\reportlab\platypus\flowables.py", line 498, in __getattr__
    self._img = ImageReader(self._file)
                ~~~~~~~~~~~^^^^^^^^^^^^
  File "C:\Users\91891\AppData\Local\Programs\Python\Python313\Lib\site-packages\reportlab\lib\utils.py", line 655, in __init__
    annotateException('\nfileName=%r identity=%s'%(fileName,self.identity()))
    ~~~~~~~~~~~~~~~~~^^^^^^^^^^^^^^^^^^^^^^^^^^^^^^^^^^^^^^^^^^^^^^^^^^^^^^^^
  File "C:\Users\91891\AppData\Local\Programs\Python\Python313\Lib\site-packages\reportlab\lib\utils.py", line 1176, in annotateException
    rl_reraise(t,t(sep.join((_ for _ in (msg,str(v),postMsg) if _))),b)
    ~~~~~~~~~~^^^^^^^^^^^^^^^^^^^^^^^^^^^^^^^^^^^^^^^^^^^^^^^^^^^^^^^^^
  File "C:\Users\91891\AppData\Local\Programs\Python\Python313\Lib\site-packages\reportlab\lib\utils.py", line 138, in rl_reraise
    raise v.with_traceback(b)
  File "C:\Users\91891\AppData\Local\Programs\Python\Python313\Lib\site-packages\reportlab\lib\utils.py", line 643, in __init__
    fp = open_for_read(fileName,'b')
  File "C:\Users\91891\AppData\Local\Programs\Python\Python313\Lib\site-packages\reportlab\lib\utils.py", line 534, in open_for_read
    return open_for_read(name,mode)
  File "C:\Users\91891\AppData\Local\Programs\Python\Python313\Lib\site-packages\reportlab\lib\utils.py", line 532, in open_for_read
    raise IOError('Cannot open resource "%s"' % name)
OSError: 
fileName='no_image_available.png' identity=[ImageReader@0x187f3a1be00 filename='no_image_available.png'] Cannot open resource "no_image_available.png"
2025-12-01 11:04:02,974 - ERROR - Error: 
fileName='no_image_available.png' identity=[ImageReader@0x187e2bf9590 filename='no_image_available.png'] Cannot open resource "no_image_available.png"
Traceback (most recent call last):
  File "C:\Users\91891\AppData\Local\Programs\Python\Python313\Lib\site-packages\reportlab\lib\utils.py", line 523, in open_for_read
    return open_for_read_by_name(name,mode)
  File "C:\Users\91891\AppData\Local\Programs\Python\Python313\Lib\site-packages\reportlab\lib\utils.py", line 463, in open_for_read_by_name
    return open(name,mode)
FileNotFoundError: [Errno 2] No such file or directory: 'no_image_available.png'

During handling of the above exception, another exception occurred:

Traceback (most recent call last):
  File "C:\Users\91891\AppData\Local\Programs\Python\Python313\Lib\site-packages\reportlab\lib\utils.py", line 530, in open_for_read
    return BytesIO((datareader if name[:5].lower()=='data:' else rlUrlRead)(name))
                   ~~~~~~~~~~~~~~~~~~~~~~~~~~~~~~~~~~~~~~~~~~~~~~~~~~~~~~~~^^^^^^
  File "C:\Users\91891\AppData\Local\Programs\Python\Python313\Lib\site-packages\reportlab\lib\utils.py", line 476, in rlUrlRead
    return urlopen(name).read()
           ~~~~~~~^^^^^^
  File "C:\Users\91891\AppData\Local\Programs\Python\Python313\Lib\urllib\request.py", line 189, in urlopen
    return opener.open(url, data, timeout)
           ~~~~~~~~~~~^^^^^^^^^^^^^^^^^^^^
  File "C:\Users\91891\AppData\Local\Programs\Python\Python313\Lib\urllib\request.py", line 473, in open
    req = Request(fullurl, data)
  File "C:\Users\91891\AppData\Local\Programs\Python\Python313\Lib\urllib\request.py", line 292, in __init__
    self.full_url = url
    ^^^^^^^^^^^^^
  File "C:\Users\91891\AppData\Local\Programs\Python\Python313\Lib\urllib\request.py", line 318, in full_url
    self._parse()
    ~~~~~~~~~~~^^
  File "C:\Users\91891\AppData\Local\Programs\Python\Python313\Lib\urllib\request.py", line 347, in _parse
    raise ValueError("unknown url type: %r" % self.full_url)
ValueError: unknown url type: 'no_image_available.png'

During handling of the above exception, another exception occurred:

Traceback (most recent call last):
  File "C:\Users\91891\AppData\Local\Programs\Python\Python313\Lib\site-packages\reportlab\lib\utils.py", line 643, in __init__
    fp = open_for_read(fileName,'b')
  File "C:\Users\91891\AppData\Local\Programs\Python\Python313\Lib\site-packages\reportlab\lib\utils.py", line 532, in open_for_read
    raise IOError('Cannot open resource "%s"' % name)
OSError: Cannot open resource "no_image_available.png"

During handling of the above exception, another exception occurred:

Traceback (most recent call last):
  File "C:\Users\91891\Desktop\Projects\Seating Arrangement\streamlit.py", line 351, in <module>
    build_attendance_pdf(
    ~~~~~~~~~~~~~~~~~~~~^
        pdf_buffer=pdf_buf,
        ^^^^^^^^^^^^^^^^^^^
    ...<6 lines>...
        roll_name_map=roll_name_map
        ^^^^^^^^^^^^^^^^^^^^^^^^^^^
    )
    ^
  File "C:\Users\91891\Desktop\Projects\Seating Arrangement\streamlit.py", line 286, in build_attendance_pdf
    pdf.build(elements)
    ~~~~~~~~~^^^^^^^^^^
  File "C:\Users\91891\AppData\Local\Programs\Python\Python313\Lib\site-packages\reportlab\platypus\doctemplate.py", line 1322, in build
    BaseDocTemplate.build(self,flowables, canvasmaker=canvasmaker)
    ~~~~~~~~~~~~~~~~~~~~~^^^^^^^^^^^^^^^^^^^^^^^^^^^^^^^^^^^^^^^^^
  File "C:\Users\91891\AppData\Local\Programs\Python\Python313\Lib\site-packages\reportlab\platypus\doctemplate.py", line 1083, in build
    self.handle_flowable(flowables)
    ~~~~~~~~~~~~~~~~~~~~^^^^^^^^^^^
  File "C:\Users\91891\AppData\Local\Programs\Python\Python313\Lib\site-packages\reportlab\platypus\doctemplate.py", line 932, in handle_flowable
    if frame.add(f, canv, trySplit=self.allowSplitting):
       ~~~~~~~~~^^^^^^^^^^^^^^^^^^^^^^^^^^^^^^^^^^^^^^^
  File "C:\Users\91891\AppData\Local\Programs\Python\Python313\Lib\site-packages\reportlab\platypus\frames.py", line 201, in _add
    flowable.drawOn(canv, self._x + self._leftExtraIndent, y, _sW=aW-w)
    ~~~~~~~~~~~~~~~^^^^^^^^^^^^^^^^^^^^^^^^^^^^^^^^^^^^^^^^^^^^^^^^^^^^
  File "C:\Users\91891\AppData\Local\Programs\Python\Python313\Lib\site-packages\reportlab\platypus\flowables.py", line 112, in drawOn
    self._drawOn(canvas)
    ~~~~~~~~~~~~^^^^^^^^
  File "C:\Users\91891\AppData\Local\Programs\Python\Python313\Lib\site-packages\reportlab\platypus\flowables.py", line 93, in _drawOn
    self.draw()#this is the bit you overload
    ~~~~~~~~~^^
  File "C:\Users\91891\AppData\Local\Programs\Python\Python313\Lib\site-packages\reportlab\platypus\tables.py", line 2355, in draw
    self._drawCell(cellval, cellstyle, (colpos, rowpos), (colwidth, rowheight))
    ~~~~~~~~~~~~~~^^^^^^^^^^^^^^^^^^^^^^^^^^^^^^^^^^^^^^^^^^^^^^^^^^^^^^^^^^^^^
  File "C:\Users\91891\AppData\Local\Programs\Python\Python313\Lib\site-packages\reportlab\platypus\tables.py", line 2568, in _drawCell
    v.drawOn(self.canv,x,y)
    ~~~~~~~~^^^^^^^^^^^^^^^
  File "C:\Users\91891\AppData\Local\Programs\Python\Python313\Lib\site-packages\reportlab\platypus\flowables.py", line 112, in drawOn
    self._drawOn(canvas)
    ~~~~~~~~~~~~^^^^^^^^
  File "C:\Users\91891\AppData\Local\Programs\Python\Python313\Lib\site-packages\reportlab\platypus\flowables.py", line 93, in _drawOn
    self.draw()#this is the bit you overload
    ~~~~~~~~~^^
  File "C:\Users\91891\AppData\Local\Programs\Python\Python313\Lib\site-packages\reportlab\platypus\tables.py", line 2355, in draw
    self._drawCell(cellval, cellstyle, (colpos, rowpos), (colwidth, rowheight))
    ~~~~~~~~~~~~~~^^^^^^^^^^^^^^^^^^^^^^^^^^^^^^^^^^^^^^^^^^^^^^^^^^^^^^^^^^^^^
  File "C:\Users\91891\AppData\Local\Programs\Python\Python313\Lib\site-packages\reportlab\platypus\tables.py", line 2551, in _drawCell
    w, h = self._listCellGeom(cellval,colwidth,cellstyle,W=W, H=H,aH=rowheight)
           ~~~~~~~~~~~~~~~~~~^^^^^^^^^^^^^^^^^^^^^^^^^^^^^^^^^^^^^^^^^^^^^^^^^^
  File "C:\Users\91891\AppData\Local\Programs\Python\Python313\Lib\site-packages\reportlab\platypus\tables.py", line 500, in _listCellGeom
    vw, vh = v.wrapOn(canv, aW, aH)
             ~~~~~~~~^^^^^^^^^^^^^^
  File "C:\Users\91891\AppData\Local\Programs\Python\Python313\Lib\site-packages\reportlab\platypus\flowables.py", line 123, in wrapOn
    w, h = self.wrap(aW,aH)
           ~~~~~~~~~^^^^^^^
  File "C:\Users\91891\AppData\Local\Programs\Python\Python313\Lib\site-packages\reportlab\platypus\flowables.py", line 510, in wrap
    return self.drawWidth, self.drawHeight
           ^^^^^^^^^^^^^^
  File "C:\Users\91891\AppData\Local\Programs\Python\Python313\Lib\site-packages\reportlab\platypus\flowables.py", line 504, in __getattr__
    self._setup_inner()
    ~~~~~~~~~~~~~~~~~^^
  File "C:\Users\91891\AppData\Local\Programs\Python\Python313\Lib\site-packages\reportlab\platypus\flowables.py", line 461, in _setup_inner
    img = self._img
          ^^^^^^^^^
  File "C:\Users\91891\AppData\Local\Programs\Python\Python313\Lib\site-packages\reportlab\platypus\flowables.py", line 498, in __getattr__
    self._img = ImageReader(self._file)
                ~~~~~~~~~~~^^^^^^^^^^^^
  File "C:\Users\91891\AppData\Local\Programs\Python\Python313\Lib\site-packages\reportlab\lib\utils.py", line 655, in __init__
    annotateException('\nfileName=%r identity=%s'%(fileName,self.identity()))
    ~~~~~~~~~~~~~~~~~^^^^^^^^^^^^^^^^^^^^^^^^^^^^^^^^^^^^^^^^^^^^^^^^^^^^^^^^
  File "C:\Users\91891\AppData\Local\Programs\Python\Python313\Lib\site-packages\reportlab\lib\utils.py", line 1176, in annotateException
    rl_reraise(t,t(sep.join((_ for _ in (msg,str(v),postMsg) if _))),b)
    ~~~~~~~~~~^^^^^^^^^^^^^^^^^^^^^^^^^^^^^^^^^^^^^^^^^^^^^^^^^^^^^^^^^
  File "C:\Users\91891\AppData\Local\Programs\Python\Python313\Lib\site-packages\reportlab\lib\utils.py", line 138, in rl_reraise
    raise v.with_traceback(b)
  File "C:\Users\91891\AppData\Local\Programs\Python\Python313\Lib\site-packages\reportlab\lib\utils.py", line 643, in __init__
    fp = open_for_read(fileName,'b')
  File "C:\Users\91891\AppData\Local\Programs\Python\Python313\Lib\site-packages\reportlab\lib\utils.py", line 532, in open_for_read
    raise IOError('Cannot open resource "%s"' % name)
OSError: 
fileName='no_image_available.png' identity=[ImageReader@0x187e2bf9590 filename='no_image_available.png'] Cannot open resource "no_image_available.png"
2025-12-01 11:05:53,165 - ERROR - Error: 
fileName='no_image_available.png' identity=[ImageReader@0x187e2bf91d0 filename='no_image_available.png'] Cannot open resource "no_image_available.png"
Traceback (most recent call last):
  File "C:\Users\91891\AppData\Local\Programs\Python\Python313\Lib\site-packages\reportlab\lib\utils.py", line 523, in open_for_read
    return open_for_read_by_name(name,mode)
  File "C:\Users\91891\AppData\Local\Programs\Python\Python313\Lib\site-packages\reportlab\lib\utils.py", line 463, in open_for_read_by_name
    return open(name,mode)
FileNotFoundError: [Errno 2] No such file or directory: 'no_image_available.png'

During handling of the above exception, another exception occurred:

Traceback (most recent call last):
  File "C:\Users\91891\AppData\Local\Programs\Python\Python313\Lib\site-packages\reportlab\lib\utils.py", line 530, in open_for_read
    return BytesIO((datareader if name[:5].lower()=='data:' else rlUrlRead)(name))
                   ~~~~~~~~~~~~~~~~~~~~~~~~~~~~~~~~~~~~~~~~~~~~~~~~~~~~~~~~^^^^^^
  File "C:\Users\91891\AppData\Local\Programs\Python\Python313\Lib\site-packages\reportlab\lib\utils.py", line 476, in rlUrlRead
    return urlopen(name).read()
           ~~~~~~~^^^^^^
  File "C:\Users\91891\AppData\Local\Programs\Python\Python313\Lib\urllib\request.py", line 189, in urlopen
    return opener.open(url, data, timeout)
           ~~~~~~~~~~~^^^^^^^^^^^^^^^^^^^^
  File "C:\Users\91891\AppData\Local\Programs\Python\Python313\Lib\urllib\request.py", line 473, in open
    req = Request(fullurl, data)
  File "C:\Users\91891\AppData\Local\Programs\Python\Python313\Lib\urllib\request.py", line 292, in __init__
    self.full_url = url
    ^^^^^^^^^^^^^
  File "C:\Users\91891\AppData\Local\Programs\Python\Python313\Lib\urllib\request.py", line 318, in full_url
    self._parse()
    ~~~~~~~~~~~^^
  File "C:\Users\91891\AppData\Local\Programs\Python\Python313\Lib\urllib\request.py", line 347, in _parse
    raise ValueError("unknown url type: %r" % self.full_url)
ValueError: unknown url type: 'no_image_available.png'

During handling of the above exception, another exception occurred:

Traceback (most recent call last):
  File "C:\Users\91891\AppData\Local\Programs\Python\Python313\Lib\site-packages\reportlab\lib\utils.py", line 643, in __init__
    fp = open_for_read(fileName,'b')
  File "C:\Users\91891\AppData\Local\Programs\Python\Python313\Lib\site-packages\reportlab\lib\utils.py", line 532, in open_for_read
    raise IOError('Cannot open resource "%s"' % name)
OSError: Cannot open resource "no_image_available.png"

During handling of the above exception, another exception occurred:

Traceback (most recent call last):
  File "C:\Users\91891\Desktop\Projects\Seating Arrangement\streamlit.py", line 351, in <module>
    build_attendance_pdf(
    ~~~~~~~~~~~~~~~~~~~~^
        pdf_buffer=pdf_buf,
        ^^^^^^^^^^^^^^^^^^^
    ...<6 lines>...
        roll_name_map=roll_name_map
        ^^^^^^^^^^^^^^^^^^^^^^^^^^^
    )
    ^
  File "C:\Users\91891\Desktop\Projects\Seating Arrangement\streamlit.py", line 286, in build_attendance_pdf
    pdf.build(elements)
    ~~~~~~~~~^^^^^^^^^^
  File "C:\Users\91891\AppData\Local\Programs\Python\Python313\Lib\site-packages\reportlab\platypus\doctemplate.py", line 1322, in build
    BaseDocTemplate.build(self,flowables, canvasmaker=canvasmaker)
    ~~~~~~~~~~~~~~~~~~~~~^^^^^^^^^^^^^^^^^^^^^^^^^^^^^^^^^^^^^^^^^
  File "C:\Users\91891\AppData\Local\Programs\Python\Python313\Lib\site-packages\reportlab\platypus\doctemplate.py", line 1083, in build
    self.handle_flowable(flowables)
    ~~~~~~~~~~~~~~~~~~~~^^^^^^^^^^^
  File "C:\Users\91891\AppData\Local\Programs\Python\Python313\Lib\site-packages\reportlab\platypus\doctemplate.py", line 932, in handle_flowable
    if frame.add(f, canv, trySplit=self.allowSplitting):
       ~~~~~~~~~^^^^^^^^^^^^^^^^^^^^^^^^^^^^^^^^^^^^^^^
  File "C:\Users\91891\AppData\Local\Programs\Python\Python313\Lib\site-packages\reportlab\platypus\frames.py", line 201, in _add
    flowable.drawOn(canv, self._x + self._leftExtraIndent, y, _sW=aW-w)
    ~~~~~~~~~~~~~~~^^^^^^^^^^^^^^^^^^^^^^^^^^^^^^^^^^^^^^^^^^^^^^^^^^^^
  File "C:\Users\91891\AppData\Local\Programs\Python\Python313\Lib\site-packages\reportlab\platypus\flowables.py", line 112, in drawOn
    self._drawOn(canvas)
    ~~~~~~~~~~~~^^^^^^^^
  File "C:\Users\91891\AppData\Local\Programs\Python\Python313\Lib\site-packages\reportlab\platypus\flowables.py", line 93, in _drawOn
    self.draw()#this is the bit you overload
    ~~~~~~~~~^^
  File "C:\Users\91891\AppData\Local\Programs\Python\Python313\Lib\site-packages\reportlab\platypus\tables.py", line 2355, in draw
    self._drawCell(cellval, cellstyle, (colpos, rowpos), (colwidth, rowheight))
    ~~~~~~~~~~~~~~^^^^^^^^^^^^^^^^^^^^^^^^^^^^^^^^^^^^^^^^^^^^^^^^^^^^^^^^^^^^^
  File "C:\Users\91891\AppData\Local\Programs\Python\Python313\Lib\site-packages\reportlab\platypus\tables.py", line 2568, in _drawCell
    v.drawOn(self.canv,x,y)
    ~~~~~~~~^^^^^^^^^^^^^^^
  File "C:\Users\91891\AppData\Local\Programs\Python\Python313\Lib\site-packages\reportlab\platypus\flowables.py", line 112, in drawOn
    self._drawOn(canvas)
    ~~~~~~~~~~~~^^^^^^^^
  File "C:\Users\91891\AppData\Local\Programs\Python\Python313\Lib\site-packages\reportlab\platypus\flowables.py", line 93, in _drawOn
    self.draw()#this is the bit you overload
    ~~~~~~~~~^^
  File "C:\Users\91891\AppData\Local\Programs\Python\Python313\Lib\site-packages\reportlab\platypus\tables.py", line 2355, in draw
    self._drawCell(cellval, cellstyle, (colpos, rowpos), (colwidth, rowheight))
    ~~~~~~~~~~~~~~^^^^^^^^^^^^^^^^^^^^^^^^^^^^^^^^^^^^^^^^^^^^^^^^^^^^^^^^^^^^^
  File "C:\Users\91891\AppData\Local\Programs\Python\Python313\Lib\site-packages\reportlab\platypus\tables.py", line 2551, in _drawCell
    w, h = self._listCellGeom(cellval,colwidth,cellstyle,W=W, H=H,aH=rowheight)
           ~~~~~~~~~~~~~~~~~~^^^^^^^^^^^^^^^^^^^^^^^^^^^^^^^^^^^^^^^^^^^^^^^^^^
  File "C:\Users\91891\AppData\Local\Programs\Python\Python313\Lib\site-packages\reportlab\platypus\tables.py", line 500, in _listCellGeom
    vw, vh = v.wrapOn(canv, aW, aH)
             ~~~~~~~~^^^^^^^^^^^^^^
  File "C:\Users\91891\AppData\Local\Programs\Python\Python313\Lib\site-packages\reportlab\platypus\flowables.py", line 123, in wrapOn
    w, h = self.wrap(aW,aH)
           ~~~~~~~~~^^^^^^^
  File "C:\Users\91891\AppData\Local\Programs\Python\Python313\Lib\site-packages\reportlab\platypus\flowables.py", line 510, in wrap
    return self.drawWidth, self.drawHeight
           ^^^^^^^^^^^^^^
  File "C:\Users\91891\AppData\Local\Programs\Python\Python313\Lib\site-packages\reportlab\platypus\flowables.py", line 504, in __getattr__
    self._setup_inner()
    ~~~~~~~~~~~~~~~~~^^
  File "C:\Users\91891\AppData\Local\Programs\Python\Python313\Lib\site-packages\reportlab\platypus\flowables.py", line 461, in _setup_inner
    img = self._img
          ^^^^^^^^^
  File "C:\Users\91891\AppData\Local\Programs\Python\Python313\Lib\site-packages\reportlab\platypus\flowables.py", line 498, in __getattr__
    self._img = ImageReader(self._file)
                ~~~~~~~~~~~^^^^^^^^^^^^
  File "C:\Users\91891\AppData\Local\Programs\Python\Python313\Lib\site-packages\reportlab\lib\utils.py", line 655, in __init__
    annotateException('\nfileName=%r identity=%s'%(fileName,self.identity()))
    ~~~~~~~~~~~~~~~~~^^^^^^^^^^^^^^^^^^^^^^^^^^^^^^^^^^^^^^^^^^^^^^^^^^^^^^^^
  File "C:\Users\91891\AppData\Local\Programs\Python\Python313\Lib\site-packages\reportlab\lib\utils.py", line 1176, in annotateException
    rl_reraise(t,t(sep.join((_ for _ in (msg,str(v),postMsg) if _))),b)
    ~~~~~~~~~~^^^^^^^^^^^^^^^^^^^^^^^^^^^^^^^^^^^^^^^^^^^^^^^^^^^^^^^^^
  File "C:\Users\91891\AppData\Local\Programs\Python\Python313\Lib\site-packages\reportlab\lib\utils.py", line 138, in rl_reraise
    raise v.with_traceback(b)
  File "C:\Users\91891\AppData\Local\Programs\Python\Python313\Lib\site-packages\reportlab\lib\utils.py", line 643, in __init__
    fp = open_for_read(fileName,'b')
  File "C:\Users\91891\AppData\Local\Programs\Python\Python313\Lib\site-packages\reportlab\lib\utils.py", line 532, in open_for_read
    raise IOError('Cannot open resource "%s"' % name)
OSError: 
fileName='no_image_available.png' identity=[ImageReader@0x187e2bf91d0 filename='no_image_available.png'] Cannot open resource "no_image_available.png"
2025-12-01 11:08:52,875 - ERROR - Error: 
fileName='no_image_available.png' identity=[ImageReader@0x1b21543bb60 filename='no_image_available.png'] Cannot open resource "no_image_available.png"
Traceback (most recent call last):
  File "C:\Users\91891\AppData\Local\Programs\Python\Python313\Lib\site-packages\reportlab\lib\utils.py", line 523, in open_for_read
    return open_for_read_by_name(name,mode)
  File "C:\Users\91891\AppData\Local\Programs\Python\Python313\Lib\site-packages\reportlab\lib\utils.py", line 463, in open_for_read_by_name
    return open(name,mode)
FileNotFoundError: [Errno 2] No such file or directory: 'no_image_available.png'

During handling of the above exception, another exception occurred:

Traceback (most recent call last):
  File "C:\Users\91891\AppData\Local\Programs\Python\Python313\Lib\site-packages\reportlab\lib\utils.py", line 530, in open_for_read
    return BytesIO((datareader if name[:5].lower()=='data:' else rlUrlRead)(name))
                   ~~~~~~~~~~~~~~~~~~~~~~~~~~~~~~~~~~~~~~~~~~~~~~~~~~~~~~~~^^^^^^
  File "C:\Users\91891\AppData\Local\Programs\Python\Python313\Lib\site-packages\reportlab\lib\utils.py", line 476, in rlUrlRead
    return urlopen(name).read()
           ~~~~~~~^^^^^^
  File "C:\Users\91891\AppData\Local\Programs\Python\Python313\Lib\urllib\request.py", line 189, in urlopen
    return opener.open(url, data, timeout)
           ~~~~~~~~~~~^^^^^^^^^^^^^^^^^^^^
  File "C:\Users\91891\AppData\Local\Programs\Python\Python313\Lib\urllib\request.py", line 473, in open
    req = Request(fullurl, data)
  File "C:\Users\91891\AppData\Local\Programs\Python\Python313\Lib\urllib\request.py", line 292, in __init__
    self.full_url = url
    ^^^^^^^^^^^^^
  File "C:\Users\91891\AppData\Local\Programs\Python\Python313\Lib\urllib\request.py", line 318, in full_url
    self._parse()
    ~~~~~~~~~~~^^
  File "C:\Users\91891\AppData\Local\Programs\Python\Python313\Lib\urllib\request.py", line 347, in _parse
    raise ValueError("unknown url type: %r" % self.full_url)
ValueError: unknown url type: 'no_image_available.png'

During handling of the above exception, another exception occurred:

Traceback (most recent call last):
  File "C:\Users\91891\AppData\Local\Programs\Python\Python313\Lib\site-packages\reportlab\lib\utils.py", line 643, in __init__
    fp = open_for_read(fileName,'b')
  File "C:\Users\91891\AppData\Local\Programs\Python\Python313\Lib\site-packages\reportlab\lib\utils.py", line 534, in open_for_read
    return open_for_read(name,mode)
  File "C:\Users\91891\AppData\Local\Programs\Python\Python313\Lib\site-packages\reportlab\lib\utils.py", line 532, in open_for_read
    raise IOError('Cannot open resource "%s"' % name)
OSError: Cannot open resource "no_image_available.png"

During handling of the above exception, another exception occurred:

Traceback (most recent call last):
  File "C:\Users\91891\Desktop\Projects\Seating Arrangement\streamlit.py", line 351, in <module>
    build_attendance_pdf(
    ~~~~~~~~~~~~~~~~~~~~^
        pdf_buffer=pdf_buf,
        ^^^^^^^^^^^^^^^^^^^
    ...<6 lines>...
        roll_name_map=roll_name_map
        ^^^^^^^^^^^^^^^^^^^^^^^^^^^
    )
    ^
  File "C:\Users\91891\Desktop\Projects\Seating Arrangement\streamlit.py", line 286, in build_attendance_pdf
    pdf.build(elements)
    ~~~~~~~~~^^^^^^^^^^
  File "C:\Users\91891\AppData\Local\Programs\Python\Python313\Lib\site-packages\reportlab\platypus\doctemplate.py", line 1322, in build
    BaseDocTemplate.build(self,flowables, canvasmaker=canvasmaker)
    ~~~~~~~~~~~~~~~~~~~~~^^^^^^^^^^^^^^^^^^^^^^^^^^^^^^^^^^^^^^^^^
  File "C:\Users\91891\AppData\Local\Programs\Python\Python313\Lib\site-packages\reportlab\platypus\doctemplate.py", line 1083, in build
    self.handle_flowable(flowables)
    ~~~~~~~~~~~~~~~~~~~~^^^^^^^^^^^
  File "C:\Users\91891\AppData\Local\Programs\Python\Python313\Lib\site-packages\reportlab\platypus\doctemplate.py", line 932, in handle_flowable
    if frame.add(f, canv, trySplit=self.allowSplitting):
       ~~~~~~~~~^^^^^^^^^^^^^^^^^^^^^^^^^^^^^^^^^^^^^^^
  File "C:\Users\91891\AppData\Local\Programs\Python\Python313\Lib\site-packages\reportlab\platypus\frames.py", line 201, in _add
    flowable.drawOn(canv, self._x + self._leftExtraIndent, y, _sW=aW-w)
    ~~~~~~~~~~~~~~~^^^^^^^^^^^^^^^^^^^^^^^^^^^^^^^^^^^^^^^^^^^^^^^^^^^^
  File "C:\Users\91891\AppData\Local\Programs\Python\Python313\Lib\site-packages\reportlab\platypus\flowables.py", line 112, in drawOn
    self._drawOn(canvas)
    ~~~~~~~~~~~~^^^^^^^^
  File "C:\Users\91891\AppData\Local\Programs\Python\Python313\Lib\site-packages\reportlab\platypus\flowables.py", line 93, in _drawOn
    self.draw()#this is the bit you overload
    ~~~~~~~~~^^
  File "C:\Users\91891\AppData\Local\Programs\Python\Python313\Lib\site-packages\reportlab\platypus\tables.py", line 2355, in draw
    self._drawCell(cellval, cellstyle, (colpos, rowpos), (colwidth, rowheight))
    ~~~~~~~~~~~~~~^^^^^^^^^^^^^^^^^^^^^^^^^^^^^^^^^^^^^^^^^^^^^^^^^^^^^^^^^^^^^
  File "C:\Users\91891\AppData\Local\Programs\Python\Python313\Lib\site-packages\reportlab\platypus\tables.py", line 2568, in _drawCell
    v.drawOn(self.canv,x,y)
    ~~~~~~~~^^^^^^^^^^^^^^^
  File "C:\Users\91891\AppData\Local\Programs\Python\Python313\Lib\site-packages\reportlab\platypus\flowables.py", line 112, in drawOn
    self._drawOn(canvas)
    ~~~~~~~~~~~~^^^^^^^^
  File "C:\Users\91891\AppData\Local\Programs\Python\Python313\Lib\site-packages\reportlab\platypus\flowables.py", line 93, in _drawOn
    self.draw()#this is the bit you overload
    ~~~~~~~~~^^
  File "C:\Users\91891\AppData\Local\Programs\Python\Python313\Lib\site-packages\reportlab\platypus\tables.py", line 2355, in draw
    self._drawCell(cellval, cellstyle, (colpos, rowpos), (colwidth, rowheight))
    ~~~~~~~~~~~~~~^^^^^^^^^^^^^^^^^^^^^^^^^^^^^^^^^^^^^^^^^^^^^^^^^^^^^^^^^^^^^
  File "C:\Users\91891\AppData\Local\Programs\Python\Python313\Lib\site-packages\reportlab\platypus\tables.py", line 2551, in _drawCell
    w, h = self._listCellGeom(cellval,colwidth,cellstyle,W=W, H=H,aH=rowheight)
           ~~~~~~~~~~~~~~~~~~^^^^^^^^^^^^^^^^^^^^^^^^^^^^^^^^^^^^^^^^^^^^^^^^^^
  File "C:\Users\91891\AppData\Local\Programs\Python\Python313\Lib\site-packages\reportlab\platypus\tables.py", line 500, in _listCellGeom
    vw, vh = v.wrapOn(canv, aW, aH)
             ~~~~~~~~^^^^^^^^^^^^^^
  File "C:\Users\91891\AppData\Local\Programs\Python\Python313\Lib\site-packages\reportlab\platypus\flowables.py", line 123, in wrapOn
    w, h = self.wrap(aW,aH)
           ~~~~~~~~~^^^^^^^
  File "C:\Users\91891\AppData\Local\Programs\Python\Python313\Lib\site-packages\reportlab\platypus\flowables.py", line 510, in wrap
    return self.drawWidth, self.drawHeight
           ^^^^^^^^^^^^^^
  File "C:\Users\91891\AppData\Local\Programs\Python\Python313\Lib\site-packages\reportlab\platypus\flowables.py", line 504, in __getattr__
    self._setup_inner()
    ~~~~~~~~~~~~~~~~~^^
  File "C:\Users\91891\AppData\Local\Programs\Python\Python313\Lib\site-packages\reportlab\platypus\flowables.py", line 461, in _setup_inner
    img = self._img
          ^^^^^^^^^
  File "C:\Users\91891\AppData\Local\Programs\Python\Python313\Lib\site-packages\reportlab\platypus\flowables.py", line 498, in __getattr__
    self._img = ImageReader(self._file)
                ~~~~~~~~~~~^^^^^^^^^^^^
  File "C:\Users\91891\AppData\Local\Programs\Python\Python313\Lib\site-packages\reportlab\lib\utils.py", line 655, in __init__
    annotateException('\nfileName=%r identity=%s'%(fileName,self.identity()))
    ~~~~~~~~~~~~~~~~~^^^^^^^^^^^^^^^^^^^^^^^^^^^^^^^^^^^^^^^^^^^^^^^^^^^^^^^^
  File "C:\Users\91891\AppData\Local\Programs\Python\Python313\Lib\site-packages\reportlab\lib\utils.py", line 1176, in annotateException
    rl_reraise(t,t(sep.join((_ for _ in (msg,str(v),postMsg) if _))),b)
    ~~~~~~~~~~^^^^^^^^^^^^^^^^^^^^^^^^^^^^^^^^^^^^^^^^^^^^^^^^^^^^^^^^^
  File "C:\Users\91891\AppData\Local\Programs\Python\Python313\Lib\site-packages\reportlab\lib\utils.py", line 138, in rl_reraise
    raise v.with_traceback(b)
  File "C:\Users\91891\AppData\Local\Programs\Python\Python313\Lib\site-packages\reportlab\lib\utils.py", line 643, in __init__
    fp = open_for_read(fileName,'b')
  File "C:\Users\91891\AppData\Local\Programs\Python\Python313\Lib\site-packages\reportlab\lib\utils.py", line 534, in open_for_read
    return open_for_read(name,mode)
  File "C:\Users\91891\AppData\Local\Programs\Python\Python313\Lib\site-packages\reportlab\lib\utils.py", line 532, in open_for_read
    raise IOError('Cannot open resource "%s"' % name)
OSError: 
fileName='no_image_available.png' identity=[ImageReader@0x1b21543bb60 filename='no_image_available.png'] Cannot open resource "no_image_available.png"
2025-12-02 11:55:48,682 - ERROR - Error while generating seating PDFs: [Errno 2] No such file or directory: 'input_data.xlsx'
Traceback (most recent call last):
  File "F:\1Mtech\DAA\Seating Arrangement\Seating Arrangement\app.py", line 332, in run
    xls = pd.ExcelFile(input_path)
          ^^^^^^^^^^^^^^^^^^^^^^^^
  File "C:\Python312\Lib\site-packages\pandas\io\excel\_base.py", line 1550, in __init__
    ext = inspect_excel_format(
          ^^^^^^^^^^^^^^^^^^^^^
  File "C:\Python312\Lib\site-packages\pandas\io\excel\_base.py", line 1402, in inspect_excel_format
    with get_handle(
         ^^^^^^^^^^^
  File "C:\Python312\Lib\site-packages\pandas\io\common.py", line 882, in get_handle
    handle = open(handle, ioargs.mode)
             ^^^^^^^^^^^^^^^^^^^^^^^^^
FileNotFoundError: [Errno 2] No such file or directory: 'input_data.xlsx'
2025-12-02 12:01:13,131 - ERROR - Error while generating seating PDFs: [Errno 2] No such file or directory: 'input_data.xlsx'
Traceback (most recent call last):
  File "F:\1Mtech\DAA\Seating Arrangement\Seating Arrangement\app.py", line 332, in run
    xls = pd.ExcelFile(input_path)
          ^^^^^^^^^^^^^^^^^^^^^^^^
  File "C:\Python312\Lib\site-packages\pandas\io\excel\_base.py", line 1550, in __init__
    ext = inspect_excel_format(
          ^^^^^^^^^^^^^^^^^^^^^
  File "C:\Python312\Lib\site-packages\pandas\io\excel\_base.py", line 1402, in inspect_excel_format
    with get_handle(
         ^^^^^^^^^^^
  File "C:\Python312\Lib\site-packages\pandas\io\common.py", line 882, in get_handle
    handle = open(handle, ioargs.mode)
             ^^^^^^^^^^^^^^^^^^^^^^^^^
FileNotFoundError: [Errno 2] No such file or directory: 'input_data.xlsx'
2025-12-02 12:02:26,714 - INFO - Generated 334 PDFs under F:\1Mtech\DAA\Seating Arrangement\Seating Arrangement
2025-12-02 12:40:06,241 - INFO - Generated 334 PDFs under F:\1Mtech\DAA\Seating Arrangement\Seating Arrangement\output
2025-12-05 22:06:29,106 - INFO - Generated 334 PDFs under F:\1Mtech\DAA\Seating Arrangement\Seating Arrangement\output
2025-12-05 22:31:33,999 - INFO - Generated 334 PDFs under F:\1Mtech\DAA\Seating Arrangement\Seating Arrangement\output
2025-12-05 22:33:01,302 - INFO - Generated 332 PDFs under F:\1Mtech\DAA\Seating Arrangement\Seating Arrangement\output
2025-12-07 15:02:41,930 - ERROR - Error generating seating PDFs
Traceback (most recent call last):
  File "C:\Users\nitin\OneDrive\Desktop\New folder (2)\DAA_ASSINGMENT_SEATING_ARRANGEMENT\app.py", line 250, in run
    xls = pd.ExcelFile(input_path)
          ^^^^^^^^^^^^^^^^^^^^^^^^
  File "C:\Users\nitin\AppData\Roaming\Python\Python311\site-packages\pandas\io\excel\_base.py", line 1550, in __init__
    ext = inspect_excel_format(
          ^^^^^^^^^^^^^^^^^^^^^
  File "C:\Users\nitin\AppData\Roaming\Python\Python311\site-packages\pandas\io\excel\_base.py", line 1402, in inspect_excel_format
    with get_handle(
         ^^^^^^^^^^^
  File "C:\Users\nitin\AppData\Roaming\Python\Python311\site-packages\pandas\io\common.py", line 882, in get_handle
    handle = open(handle, ioargs.mode)
             ^^^^^^^^^^^^^^^^^^^^^^^^^
PermissionError: [Errno 13] Permission denied: 'input_data.xlsx'
2025-12-07 15:02:59,505 - ERROR - Error generating seating PDFs
Traceback (most recent call last):
  File "C:\Users\nitin\OneDrive\Desktop\New folder (2)\DAA_ASSINGMENT_SEATING_ARRANGEMENT\app.py", line 250, in run
    xls = pd.ExcelFile(input_path)
          ^^^^^^^^^^^^^^^^^^^^^^^^
  File "C:\Users\nitin\AppData\Roaming\Python\Python311\site-packages\pandas\io\excel\_base.py", line 1550, in __init__
    ext = inspect_excel_format(
          ^^^^^^^^^^^^^^^^^^^^^
  File "C:\Users\nitin\AppData\Roaming\Python\Python311\site-packages\pandas\io\excel\_base.py", line 1402, in inspect_excel_format
    with get_handle(
         ^^^^^^^^^^^
  File "C:\Users\nitin\AppData\Roaming\Python\Python311\site-packages\pandas\io\common.py", line 882, in get_handle
    handle = open(handle, ioargs.mode)
             ^^^^^^^^^^^^^^^^^^^^^^^^^
PermissionError: [Errno 13] Permission denied: 'input_data.xlsx'
2025-12-07 15:03:47,764 - ERROR - Error generating seating PDFs
Traceback (most recent call last):
  File "C:\Users\nitin\OneDrive\Desktop\New folder (2)\DAA_ASSINGMENT_SEATING_ARRANGEMENT\app.py", line 250, in run
    xls = pd.ExcelFile(input_path)
          ^^^^^^^^^^^^^^^^^^^^^^^^
  File "C:\Users\nitin\AppData\Roaming\Python\Python311\site-packages\pandas\io\excel\_base.py", line 1550, in __init__
    ext = inspect_excel_format(
          ^^^^^^^^^^^^^^^^^^^^^
  File "C:\Users\nitin\AppData\Roaming\Python\Python311\site-packages\pandas\io\excel\_base.py", line 1402, in inspect_excel_format
    with get_handle(
         ^^^^^^^^^^^
  File "C:\Users\nitin\AppData\Roaming\Python\Python311\site-packages\pandas\io\common.py", line 882, in get_handle
    handle = open(handle, ioargs.mode)
             ^^^^^^^^^^^^^^^^^^^^^^^^^
PermissionError: [Errno 13] Permission denied: 'input_data.xlsx'
